\BOOKMARK [1][-]{section*.4}{\376\377\000A\000B\000S\000T\000R\000A\000C\000T}{}% 1
\BOOKMARK [1][-]{section*.5}{\376\377\000A\000C\000K\000N\000O\000W\000L\000E\000D\000G\000E\000M\000E\000N\000T\000S}{}% 2
\BOOKMARK [1][-]{section*.6}{\376\377\000L\000I\000S\000T\000\040\000O\000F\000\040\000T\000A\000B\000L\000E\000S}{}% 3
\BOOKMARK [1][-]{section*.7}{\376\377\000L\000I\000S\000T\000\040\000O\000F\000\040\000F\000I\000G\000U\000R\000E\000S}{}% 4
\BOOKMARK [1][-]{section*.8}{\376\377\000I\000N\000T\000R\000O\000D\000U\000C\000T\000I\000O\000N}{}% 5
\BOOKMARK [1][-]{section*.9}{\376\377\000T\000H\000E\000O\000R\000Y}{}% 6
\BOOKMARK [1][-]{section*.12}{\376\377\000M\000E\000T\000H\000O\000D\000O\000L\000O\000G\000Y}{}% 7
\BOOKMARK [1][-]{section*.14}{\376\377\000D\000A\000T\000A\000\040\000A\000N\000A\000L\000Y\000S\000I\000S}{}% 8
\BOOKMARK [2][-]{table.caption.15}{\376\377\000M\000e\000r\000c\000u\000r\000y}{section*.14}% 9
\BOOKMARK [2][-]{table.caption.17}{\376\377\000H\000e\000l\000i\000u\000m}{section*.14}% 10
\BOOKMARK [2][-]{table.caption.19}{\376\377\000C\000a\000d\000m\000i\000u\000m}{section*.14}% 11
\BOOKMARK [2][-]{table.caption.21}{\376\377\000H\000y\000d\000r\000o\000g\000e\000n}{section*.14}% 12
\BOOKMARK [2][-]{table.caption.23}{\376\377\000S\000o\000d\000i\000u\000m}{section*.14}% 13
\BOOKMARK [1][-]{section*.26}{\376\377\000D\000I\000S\000C\000U\000S\000S\000I\000O\000N}{}% 14
\BOOKMARK [1][-]{section*.27}{\376\377\000C\000O\000N\000C\000L\000U\000S\000I\000O\000N}{}% 15
\BOOKMARK [1][-]{section*.28}{\376\377\000R\000E\000F\000E\000R\000E\000N\000C\000E\000S}{}% 16
\BOOKMARK [1][-]{section*.29}{\376\377\000A\000P\000P\000E\000N\000D\000I\000C\000E\000S}{}% 17
\BOOKMARK [2][-]{section*.30}{\376\377\000D\000a\000t\000a}{section*.29}% 18
\BOOKMARK [2][-]{lstnumber.-2.45}{\376\377\000M\000e\000r\000c\000u\000r\000y}{section*.29}% 19
\BOOKMARK [2][-]{lstnumber.-4.17}{\376\377\000M\000e\000r\000c\000u\000r\000y\000\040\000p\000e\000r\000c\000e\000n\000t\000a\000g\000e\000\040\000d\000i\000f\000f\000e\000r\000e\000n\000c\000e}{section*.29}% 20
\BOOKMARK [2][-]{lstnumber.-6.9}{\376\377\000H\000e\000l\000i\000u\000m}{section*.29}% 21
\BOOKMARK [2][-]{lstnumber.-8.11}{\376\377\000H\000e\000l\000i\000u\000m\000\040\000p\000e\000r\000c\000e\000n\000t\000a\000g\000e\000\040\000d\000i\000f\000f\000e\000r\000e\000n\000c\000e}{section*.29}% 22
\BOOKMARK [2][-]{lstnumber.-10.27}{\376\377\000C\000a\000d\000m\000i\000u\000m}{section*.29}% 23
\BOOKMARK [2][-]{lstnumber.-12.11}{\376\377\000C\000a\000d\000m\000i\000u\000m\000\040\000p\000e\000r\000c\000e\000n\000t\000a\000g\000e\000\040\000d\000i\000f\000f\000e\000r\000e\000n\000c\000e}{section*.29}% 24
\BOOKMARK [2][-]{lstnumber.-14.9}{\376\377\000H\000y\000d\000r\000o\000g\000e\000n}{section*.29}% 25
\BOOKMARK [2][-]{lstnumber.-16.11}{\376\377\000H\000y\000d\000r\000o\000g\000e\000n\000\040\000p\000e\000r\000c\000e\000n\000t\000a\000g\000e\000\040\000d\000i\000f\000f\000e\000r\000e\000n\000c\000e}{section*.29}% 26
\BOOKMARK [2][-]{lstnumber.-18.9}{\376\377\000S\000o\000d\000i\000u\000m}{section*.29}% 27
\BOOKMARK [2][-]{lstnumber.-20.7}{\376\377\000S\000o\000d\000i\000u\000m\000\040\000p\000e\000r\000c\000e\000n\000t\000a\000g\000e\000\040\000d\000i\000f\000f\000e\000r\000e\000n\000c\000e}{section*.29}% 28
