\BOOKMARK [1][-]{section*.4}{\376\377\000A\000B\000S\000T\000R\000A\000C\000T}{}% 1
\BOOKMARK [1][-]{section*.5}{\376\377\000A\000C\000K\000N\000O\000W\000L\000E\000D\000G\000E\000M\000E\000N\000T\000S}{}% 2
\BOOKMARK [1][-]{section*.6}{\376\377\000L\000I\000S\000T\000\040\000O\000F\000\040\000T\000A\000B\000L\000E\000S}{}% 3
\BOOKMARK [1][-]{section*.7}{\376\377\000L\000I\000S\000T\000\040\000O\000F\000\040\000F\000I\000G\000U\000R\000E\000S}{}% 4
\BOOKMARK [1][-]{section.1}{\376\377\000=\000I\000N\000T\000R\000O\000D\000U\000C\000T\000I\000O\000N}{}% 5
\BOOKMARK [1][-]{section.2}{\376\377\000=\000T\000H\000E\000O\000R\000Y}{}% 6
\BOOKMARK [2][-]{subsection.2.1}{\376\377\000M\000i\000c\000h\000e\000l\000s\000o\000n\000\040\000I\000n\000t\000e\000r\000f\000e\000r\000o\000m\000e\000t\000e\000r}{section.2}% 7
\BOOKMARK [2][-]{subsection.2.2}{\376\377\000T\000e\000m\000p\000o\000r\000a\000l\000\040\000C\000o\000h\000e\000r\000e\000n\000c\000e\000\040\000a\000n\000d\000\040\000C\000o\000h\000e\000r\000e\000n\000c\000e\000\040\000L\000e\000n\000g\000t\000h\000\040\000p\000h\000y\000w\000e\0002\0000\0001\0009\000U\000C\000S\000B\000H\000e\000N\000e\000L\000a\000s\000e\000r\000s}{section.2}% 8
\BOOKMARK [1][-]{section.3}{\376\377\000=\000M\000E\000T\000H\000O\000D\000O\000L\000O\000G\000Y}{}% 9
\BOOKMARK [1][-]{section.4}{\376\377\000=\000D\000A\000T\000A\000\040\000A\000N\000A\000L\000Y\000S\000I\000S}{}% 10
\BOOKMARK [2][-]{subsection.4.1}{\376\377\000M\000i\000c\000h\000e\000l\000s\000o\000n\000\040\000I\000n\000t\000e\000r\000f\000e\000r\000o\000m\000e\000t\000e\000r\000\040\000S\000e\000t\000u\000p}{section.4}% 11
\BOOKMARK [2][-]{subsection.4.2}{\376\377\000W\000a\000v\000e\000l\000e\000n\000g\000t\000h\000\040\000D\000e\000t\000e\000r\000m\000i\000n\000a\000t\000i\000o\000n}{section.4}% 12
\BOOKMARK [2][-]{subsection.4.3}{\376\377\000C\000o\000h\000e\000r\000e\000n\000c\000e\000\040\000L\000e\000n\000g\000t\000h\000\040\000D\000e\000t\000e\000r\000m\000i\000n\000a\000t\000i\000o\000n}{section.4}% 13
\BOOKMARK [1][-]{section.5}{\376\377\000=\000D\000I\000S\000C\000U\000S\000S\000I\000O\000N}{}% 14
\BOOKMARK [1][-]{section.6}{\376\377\000=\000C\000O\000N\000C\000L\000U\000S\000I\000O\000N}{}% 15
\BOOKMARK [1][-]{section.7}{\376\377\000=\000R\000E\000F\000E\000R\000E\000N\000C\000E\000S}{}% 16
\BOOKMARK [1][-]{section.8}{\376\377\000=\000A\000P\000P\000E\000N\000D\000I\000C\000E\000S}{}% 17
\BOOKMARK [2][-]{subsection.8.1}{\376\377\000C\000a\000l\000c\000u\000l\000a\000t\000i\000o\000n\000\040\000f\000o\000r\000\040\000w\000a\000v\000e\000l\000e\000n\000g\000t\000h\000\040\000d\000e\000t\000e\000r\000m\000i\000n\000a\000t\000i\000o\000n}{section.8}% 18
\BOOKMARK [2][-]{subsection.8.2}{\376\377\000C\000a\000l\000c\000u\000l\000a\000t\000i\000o\000n\000\040\000f\000o\000r\000\040\000c\000o\000h\000e\000r\000e\000n\000c\000e\000\040\000l\000e\000n\000g\000t\000h\000\040\000d\000e\000t\000e\000r\000m\000i\000n\000a\000t\000i\000o\000n}{section.8}% 19
\BOOKMARK [2][-]{subsection.8.3}{\376\377\000G\000r\000a\000p\000h\000i\000c\000a\000l\000\040\000r\000e\000p\000r\000e\000s\000e\000n\000t\000a\000t\000i\000o\000n\000\040\000o\000f\000\040\000t\000h\000e\000\040\000c\000o\000n\000t\000r\000a\000s\000t\000\040\000f\000u\000n\000c\000t\000i\000o\000n}{section.8}% 20
\BOOKMARK [2][-]{subsection.8.4}{\376\377\000C\000a\000l\000c\000u\000l\000a\000t\000i\000o\000n\000\040\000f\000o\000r\000\040\000p\000e\000r\000c\000e\000n\000t\000a\000g\000e\000\040\000d\000i\000f\000f\000e\000r\000e\000n\000c\000e}{section.8}% 21
